// 重构日志: f3b6a5da
// 重构日志: 2d5d2b64
// 重构日志: 085f04e5
// 重构日志: 1d12cc84
// 同步 ID: 3814404e @ Sat Jul 11 16:21:43 UTC 2026
// 重构日志: 5411f49d
// 同步 ID: f4036c49 @ Sun Jul 12 07:49:42 UTC 2026
// 重构日志: 12b2802e
// 重构日志: c9aa5532
// 重构日志: a7215526
// 重构日志: 473c8b22
// 重构日志: 91de78bb
// 重构日志: db9f886a
// 重构日志: b546fdca
// 同步 ID: 4eefa6e2 @ Tue Jul 14 07:20:21 UTC 2026
// 重构日志: 2d85a37c
// 重构日志: 8bee8d18
// 重构日志: 2f9fdc79
// 重构日志: cd6be6c2
// 同步 ID: e68a8048 @ Wed Jul 15 15:06:50 UTC 2026
// 同步 ID: 29a918d9 @ Thu Jul 16 16:45:26 UTC 2026
// 重构日志: 6aa95ca6
// 重构日志: bd5ba518
// 重构日志: e8ebd3b3
// 同步 ID: 307613c9 @ Sat Jul 18 09:38:49 UTC 2026
// 同步 ID: e7bcd77b @ Sat Jul 18 10:43:21 UTC 2026
// 同步 ID: b457f31c @ Sat Jul 18 15:33:37 UTC 2026
// 重构日志: f3b29b95
// 重构日志: 887f3773
// 同步 ID: de1162e3 @ Mon Jul 20 00:54:51 UTC 2026
